<?xml version="1.0" encoding="UTF-8"?>
<!-- Generated by org.testng.reporters.JUnitXMLReporter -->
<testsuite hostname="Samir" ignored="0" name="Login Test" tests="1" failures="1" timestamp="26 Sep 2020 04:54:41 GMT" time="1.539" errors="0">
  <testcase name="verifyLogin" time="0.612" classname="testcases.TC001Login">
    <failure type="java.lang.AssertionError" message="expected [Zero - Account Summary] but found [Zero - Log in]">
      <![CDATA[java.lang.AssertionError: expected [Zero - Account Summary] but found [Zero - Log in]
	at testcases.TC001Login.verifyLogin(TC001Login.java:31)
... Removed 35 stack frames]]>
    </failure>
  </testcase> <!-- verifyLogin -->
</testsuite> <!-- Login Test -->
